<?xml version="1.0" encoding="UTF-8"?>
<!-- Generated by org.testng.reporters.JUnitXMLReporter -->
<testsuite hostname="VIR" ignored="0" name="Test" tests="4" failures="0" timestamp="2020-02-13T14:43:46 IST" time="0.115" errors="0">
  <testcase name="IOapps" time="0.02" classname="qaclickacademy.AppiumTest"/>
  <testcase name="NativeAppandroid" time="0.003" classname="qaclickacademy.AppiumTest"/>
  <testcase name="BrowserAutomation" time="0.004" classname="qaclickacademy.SeleniumTest"/>
  <testcase name="elementsui" time="0.002" classname="qaclickacademy.SeleniumTest"/>
</testsuite> <!-- Test -->
