<?xml version="1.0" encoding="UTF-8"?>
<!-- Generated by org.testng.reporters.JUnitXMLReporter -->
<testsuite hostname="VIR" ignored="0" name="Test" tests="4" failures="0" timestamp="13 Feb 2020 08:18:47 GMT" time="0.066" errors="0">
  <testcase name="IOapps" time="0.013" classname="qaclickacademy.AppiumTest"/>
  <testcase name="NativeAppandroid" time="0.002" classname="qaclickacademy.AppiumTest"/>
  <testcase name="BrowserAutomation" time="0.001" classname="qaclickacademy.SeleniumTest"/>
  <testcase name="elementsui" time="0.001" classname="qaclickacademy.SeleniumTest"/>
</testsuite> <!-- Test -->
