<?xml version="1.0" encoding="UTF-8"?>
<testng-results skipped="0" failed="0" ignored="0" total="4" passed="4">
  <reporter-output>
  </reporter-output>
  <suite name="Suite" duration-ms="66" started-at="2020-02-13T08:18:47Z" finished-at="2020-02-13T08:18:47Z">
    <groups>
    </groups>
    <test name="Test" duration-ms="66" started-at="2020-02-13T08:18:47Z" finished-at="2020-02-13T08:18:47Z">
      <class name="qaclickacademy.AppiumTest">
        <test-method status="PASS" signature="IOapps()[pri:0, instance:qaclickacademy.AppiumTest@35fc6dc4]" name="IOapps" duration-ms="13" started-at="2020-02-13T08:18:47Z" finished-at="2020-02-13T08:18:47Z">
          <reporter-output>
          </reporter-output>
        </test-method> <!-- IOapps -->
        <test-method status="PASS" signature="NativeAppandroid()[pri:0, instance:qaclickacademy.AppiumTest@35fc6dc4]" name="NativeAppandroid" duration-ms="2" started-at="2020-02-13T08:18:47Z" finished-at="2020-02-13T08:18:47Z">
          <reporter-output>
          </reporter-output>
        </test-method> <!-- NativeAppandroid -->
      </class> <!-- qaclickacademy.AppiumTest -->
      <class name="qaclickacademy.SeleniumTest">
        <test-method status="PASS" signature="BrowserAutomation()[pri:0, instance:qaclickacademy.SeleniumTest@7fe8ea47]" name="BrowserAutomation" duration-ms="1" started-at="2020-02-13T08:18:47Z" finished-at="2020-02-13T08:18:47Z">
          <reporter-output>
          </reporter-output>
        </test-method> <!-- BrowserAutomation -->
        <test-method status="PASS" signature="elementsui()[pri:0, instance:qaclickacademy.SeleniumTest@7fe8ea47]" name="elementsui" duration-ms="1" started-at="2020-02-13T08:18:47Z" finished-at="2020-02-13T08:18:47Z">
          <reporter-output>
          </reporter-output>
        </test-method> <!-- elementsui -->
      </class> <!-- qaclickacademy.SeleniumTest -->
    </test> <!-- Test -->
  </suite> <!-- Suite -->
</testng-results>
