<?xml version="1.0" encoding="UTF-8"?>
<testng-results skipped="0" failed="0" ignored="0" total="4" passed="4">
  <reporter-output>
  </reporter-output>
  <suite name="Suite" duration-ms="115" started-at="2020-02-13T14:43:46 IST" finished-at="2020-02-13T14:43:46 IST">
    <groups>
    </groups>
    <test name="Test" duration-ms="115" started-at="2020-02-13T14:43:46 IST" finished-at="2020-02-13T14:43:46 IST">
      <class name="qaclickacademy.AppiumTest">
        <test-method status="PASS" signature="IOapps()[pri:0, instance:qaclickacademy.AppiumTest@4e7dc304]" name="IOapps" duration-ms="20" started-at="2020-02-13T14:43:46 IST" finished-at="2020-02-13T14:43:46 IST">
          <reporter-output>
          </reporter-output>
        </test-method> <!-- IOapps -->
        <test-method status="PASS" signature="NativeAppandroid()[pri:0, instance:qaclickacademy.AppiumTest@4e7dc304]" name="NativeAppandroid" duration-ms="3" started-at="2020-02-13T14:43:46 IST" finished-at="2020-02-13T14:43:46 IST">
          <reporter-output>
          </reporter-output>
        </test-method> <!-- NativeAppandroid -->
      </class> <!-- qaclickacademy.AppiumTest -->
      <class name="qaclickacademy.SeleniumTest">
        <test-method status="PASS" signature="BrowserAutomation()[pri:0, instance:qaclickacademy.SeleniumTest@64729b1e]" name="BrowserAutomation" duration-ms="4" started-at="2020-02-13T14:43:46 IST" finished-at="2020-02-13T14:43:46 IST">
          <reporter-output>
          </reporter-output>
        </test-method> <!-- BrowserAutomation -->
        <test-method status="PASS" signature="elementsui()[pri:0, instance:qaclickacademy.SeleniumTest@64729b1e]" name="elementsui" duration-ms="2" started-at="2020-02-13T14:43:46 IST" finished-at="2020-02-13T14:43:46 IST">
          <reporter-output>
          </reporter-output>
        </test-method> <!-- elementsui -->
      </class> <!-- qaclickacademy.SeleniumTest -->
    </test> <!-- Test -->
  </suite> <!-- Suite -->
</testng-results>
